<?xml version="1.0" encoding="UTF-8"?>
<testsuite name="net.sourceforge.pmd.stat.StatisticalRuleTest" time="0.06" tests="75" errors="0" skipped="0" failures="0">
  <properties>
    <property name="java.runtime.name" value="Java(TM) SE Runtime Environment"/>
    <property name="sun.boot.library.path" value="C:\Program Files\Java\jdk1.8.0_25\jre\bin"/>
    <property name="java.vm.version" value="25.25-b02"/>
    <property name="java.vm.vendor" value="Oracle Corporation"/>
    <property name="java.vendor.url" value="http://java.oracle.com/"/>
    <property name="path.separator" value=";"/>
    <property name="guice.disable.misplaced.annotation.check" value="true"/>
    <property name="java.vm.name" value="Java HotSpot(TM) 64-Bit Server VM"/>
    <property name="file.encoding.pkg" value="sun.io"/>
    <property name="user.script" value=""/>
    <property name="user.country" value="DE"/>
    <property name="sun.java.launcher" value="SUN_STANDARD"/>
    <property name="sun.os.patch.level" value=""/>
    <property name="java.vm.specification.name" value="Java Virtual Machine Specification"/>
    <property name="user.dir" value="C:\Dissertation\workspace\de.uni-mannheim.phd.pmd.StandAlone"/>
    <property name="java.runtime.version" value="1.8.0_25-b18"/>
    <property name="java.awt.graphicsenv" value="sun.awt.Win32GraphicsEnvironment"/>
    <property name="java.endorsed.dirs" value="C:\Program Files\Java\jdk1.8.0_25\jre\lib\endorsed"/>
    <property name="os.arch" value="amd64"/>
    <property name="java.io.tmpdir" value="C:\Users\Mobil\AppData\Local\Temp\"/>
    <property name="line.separator" value="&#10;"/>
    <property name="java.vm.specification.vendor" value="Oracle Corporation"/>
    <property name="user.variant" value=""/>
    <property name="os.name" value="Windows 8.1"/>
    <property name="classworlds.conf" value="C:\Dissertation\workspace\.metadata\.plugins\org.eclipse.m2e.launching\launches\m2conf1023322290106813682.tmp"/>
    <property name="sun.jnu.encoding" value="Cp1252"/>
    <property name="java.library.path" value="C:\Program Files\Java\jdk1.8.0_25\jre\bin;C:\Windows\Sun\Java\bin;C:\Windows\system32;C:\Windows;C:/Program Files/Java/jre1.8.0_31/bin/server;C:/Program Files/Java/jre1.8.0_31/bin;C:/Program Files/Java/jre1.8.0_31/lib/amd64;C:\ProgramData\Oracle\Java\javapath;C:\Program Files (x86)\Intel\iCLS Client\;C:\Program Files\Intel\iCLS Client\;C:\Windows\system32;C:\Windows;C:\Windows\System32\Wbem;C:\Windows\System32\WindowsPowerShell\v1.0\;C:\Program Files (x86)\Hewlett-Packard\HP Performance Advisor;c:\Program Files\Intel\WiFi\bin\;c:\Program Files\Common Files\Intel\WirelessCommon\;C:\Program Files\Intel\Intel(R) Management Engine Components\DAL;C:\Program Files (x86)\Intel\Intel(R) Management Engine Components\DAL;C:\Program Files\Intel\Intel(R) Management Engine Components\IPT;C:\Program Files (x86)\Intel\Intel(R) Management Engine Components\IPT;C:\Program Files\WIDCOMM\Bluetooth Software\;C:\Program Files\WIDCOMM\Bluetooth Software\syswow64;;C:\Program Files (x86)\NVIDIA Corporation\PhysX\Common;C:\Dissertation\eclipse;;."/>
    <property name="java.specification.name" value="Java Platform API Specification"/>
    <property name="java.class.version" value="52.0"/>
    <property name="sun.management.compiler" value="HotSpot 64-Bit Tiered Compilers"/>
    <property name="os.version" value="6.3"/>
    <property name="user.home" value="C:\Users\Mobil"/>
    <property name="user.timezone" value="Europe/Berlin"/>
    <property name="java.awt.printerjob" value="sun.awt.windows.WPrinterJob"/>
    <property name="java.specification.version" value="1.8"/>
    <property name="file.encoding" value="Cp1252"/>
    <property name="user.name" value="Mobil"/>
    <property name="java.class.path" value="/C:/Dissertation/eclipse/plugins/org.eclipse.m2e.maven.runtime_1.5.0.20140605-2032/jars/plexus-classworlds-2.5.1.jar"/>
    <property name="org.slf4j.simpleLogger.defaultLogLevel" value="info"/>
    <property name="java.vm.specification.version" value="1.8"/>
    <property name="sun.arch.data.model" value="64"/>
    <property name="java.home" value="C:\Program Files\Java\jdk1.8.0_25\jre"/>
    <property name="sun.java.command" value="org.codehaus.plexus.classworlds.launcher.Launcher -B install"/>
    <property name="java.specification.vendor" value="Oracle Corporation"/>
    <property name="user.language" value="de"/>
    <property name="awt.toolkit" value="sun.awt.windows.WToolkit"/>
    <property name="java.vm.info" value="mixed mode"/>
    <property name="java.version" value="1.8.0_25"/>
    <property name="java.ext.dirs" value="C:\Program Files\Java\jdk1.8.0_25\jre\lib\ext;C:\Windows\Sun\Java\lib\ext"/>
    <property name="sun.boot.class.path" value="C:\Program Files\Java\jdk1.8.0_25\jre\lib\resources.jar;C:\Program Files\Java\jdk1.8.0_25\jre\lib\rt.jar;C:\Program Files\Java\jdk1.8.0_25\jre\lib\sunrsasign.jar;C:\Program Files\Java\jdk1.8.0_25\jre\lib\jsse.jar;C:\Program Files\Java\jdk1.8.0_25\jre\lib\jce.jar;C:\Program Files\Java\jdk1.8.0_25\jre\lib\charsets.jar;C:\Program Files\Java\jdk1.8.0_25\jre\lib\jfr.jar;C:\Program Files\Java\jdk1.8.0_25\jre\classes"/>
    <property name="java.vendor" value="Oracle Corporation"/>
    <property name="maven.home" value="C:\Dissertation\workspace\de.uni-mannheim.phd.pmd.StandAlone\EMBEDDED"/>
    <property name="file.separator" value="\"/>
    <property name="java.vendor.url.bug" value="http://bugreport.sun.com/bugreport/"/>
    <property name="sun.cpu.endian" value="little"/>
    <property name="sun.io.unicode.encoding" value="UnicodeLittle"/>
    <property name="sun.desktop" value="windows"/>
    <property name="sun.cpu.isalist" value="amd64"/>
  </properties>
  <testcase name="testSingleDatapoint" classname="net.sourceforge.pmd.stat.StatisticalRuleTest" time="0"/>
  <testcase name="testExpectedMinimum" classname="net.sourceforge.pmd.stat.StatisticalRuleTest" time="0"/>
  <testcase name="testS2" classname="net.sourceforge.pmd.stat.StatisticalRuleTest" time="0"/>
  <testcase name="testT2" classname="net.sourceforge.pmd.stat.StatisticalRuleTest" time="0"/>
  <testcase name="testT4" classname="net.sourceforge.pmd.stat.StatisticalRuleTest" time="0"/>
  <testcase name="testS3" classname="net.sourceforge.pmd.stat.StatisticalRuleTest" time="0"/>
  <testcase name="testT3" classname="net.sourceforge.pmd.stat.StatisticalRuleTest" time="0"/>
  <testcase name="testS" classname="net.sourceforge.pmd.stat.StatisticalRuleTest" time="0"/>
  <testcase name="testS1" classname="net.sourceforge.pmd.stat.StatisticalRuleTest" time="0"/>
  <testcase name="testT" classname="net.sourceforge.pmd.stat.StatisticalRuleTest" time="0"/>
  <testcase name="testMetrics" classname="net.sourceforge.pmd.stat.StatisticalRuleTest" time="0"/>
  <testcase name="testS5" classname="net.sourceforge.pmd.stat.StatisticalRuleTest" time="0.016"/>
  <testcase name="testT1" classname="net.sourceforge.pmd.stat.StatisticalRuleTest" time="0"/>
  <testcase name="testT5" classname="net.sourceforge.pmd.stat.StatisticalRuleTest" time="0"/>
  <testcase name="testS4" classname="net.sourceforge.pmd.stat.StatisticalRuleTest" time="0"/>
  <testcase name="testST4" classname="net.sourceforge.pmd.stat.StatisticalRuleTest" time="0"/>
  <testcase name="testSMT2" classname="net.sourceforge.pmd.stat.StatisticalRuleTest" time="0"/>
  <testcase name="testTS1" classname="net.sourceforge.pmd.stat.StatisticalRuleTest" time="0"/>
  <testcase name="testMT2" classname="net.sourceforge.pmd.stat.StatisticalRuleTest" time="0"/>
  <testcase name="testSMT5" classname="net.sourceforge.pmd.stat.StatisticalRuleTest" time="0"/>
  <testcase name="testM2" classname="net.sourceforge.pmd.stat.StatisticalRuleTest" time="0"/>
  <testcase name="testMS4" classname="net.sourceforge.pmd.stat.StatisticalRuleTest" time="0"/>
  <testcase name="testST3" classname="net.sourceforge.pmd.stat.StatisticalRuleTest" time="0"/>
  <testcase name="testTS" classname="net.sourceforge.pmd.stat.StatisticalRuleTest" time="0"/>
  <testcase name="testTS4" classname="net.sourceforge.pmd.stat.StatisticalRuleTest" time="0"/>
  <testcase name="testMS3" classname="net.sourceforge.pmd.stat.StatisticalRuleTest" time="0"/>
  <testcase name="testSMT" classname="net.sourceforge.pmd.stat.StatisticalRuleTest" time="0"/>
  <testcase name="testTMS" classname="net.sourceforge.pmd.stat.StatisticalRuleTest" time="0"/>
  <testcase name="testMT5" classname="net.sourceforge.pmd.stat.StatisticalRuleTest" time="0"/>
  <testcase name="testSTM" classname="net.sourceforge.pmd.stat.StatisticalRuleTest" time="0"/>
  <testcase name="testTMS1" classname="net.sourceforge.pmd.stat.StatisticalRuleTest" time="0.015"/>
  <testcase name="testTMS2" classname="net.sourceforge.pmd.stat.StatisticalRuleTest" time="0"/>
  <testcase name="testSM" classname="net.sourceforge.pmd.stat.StatisticalRuleTest" time="0"/>
  <testcase name="testSM1" classname="net.sourceforge.pmd.stat.StatisticalRuleTest" time="0"/>
  <testcase name="testSTM1" classname="net.sourceforge.pmd.stat.StatisticalRuleTest" time="0"/>
  <testcase name="testTMS3" classname="net.sourceforge.pmd.stat.StatisticalRuleTest" time="0"/>
  <testcase name="testMS1" classname="net.sourceforge.pmd.stat.StatisticalRuleTest" time="0"/>
  <testcase name="testTS2" classname="net.sourceforge.pmd.stat.StatisticalRuleTest" time="0"/>
  <testcase name="testM3" classname="net.sourceforge.pmd.stat.StatisticalRuleTest" time="0"/>
  <testcase name="testST5" classname="net.sourceforge.pmd.stat.StatisticalRuleTest" time="0"/>
  <testcase name="testM5" classname="net.sourceforge.pmd.stat.StatisticalRuleTest" time="0.009"/>
  <testcase name="testM1" classname="net.sourceforge.pmd.stat.StatisticalRuleTest" time="0"/>
  <testcase name="testTS5" classname="net.sourceforge.pmd.stat.StatisticalRuleTest" time="0"/>
  <testcase name="testMS5" classname="net.sourceforge.pmd.stat.StatisticalRuleTest" time="0"/>
  <testcase name="testTM2" classname="net.sourceforge.pmd.stat.StatisticalRuleTest" time="0"/>
  <testcase name="testMT3" classname="net.sourceforge.pmd.stat.StatisticalRuleTest" time="0.004"/>
  <testcase name="testSM3" classname="net.sourceforge.pmd.stat.StatisticalRuleTest" time="0"/>
  <testcase name="testSTM3" classname="net.sourceforge.pmd.stat.StatisticalRuleTest" time="0"/>
  <testcase name="testTM4" classname="net.sourceforge.pmd.stat.StatisticalRuleTest" time="0"/>
  <testcase name="testST1" classname="net.sourceforge.pmd.stat.StatisticalRuleTest" time="0"/>
  <testcase name="testM" classname="net.sourceforge.pmd.stat.StatisticalRuleTest" time="0"/>
  <testcase name="testTM5" classname="net.sourceforge.pmd.stat.StatisticalRuleTest" time="0"/>
  <testcase name="testMT" classname="net.sourceforge.pmd.stat.StatisticalRuleTest" time="0"/>
  <testcase name="testSTM5" classname="net.sourceforge.pmd.stat.StatisticalRuleTest" time="0"/>
  <testcase name="testSM4" classname="net.sourceforge.pmd.stat.StatisticalRuleTest" time="0"/>
  <testcase name="testTM1" classname="net.sourceforge.pmd.stat.StatisticalRuleTest" time="0"/>
  <testcase name="testST" classname="net.sourceforge.pmd.stat.StatisticalRuleTest" time="0"/>
  <testcase name="testMT4" classname="net.sourceforge.pmd.stat.StatisticalRuleTest" time="0"/>
  <testcase name="testMT1" classname="net.sourceforge.pmd.stat.StatisticalRuleTest" time="0"/>
  <testcase name="testSM5" classname="net.sourceforge.pmd.stat.StatisticalRuleTest" time="0"/>
  <testcase name="testSTM2" classname="net.sourceforge.pmd.stat.StatisticalRuleTest" time="0"/>
  <testcase name="testSTM4" classname="net.sourceforge.pmd.stat.StatisticalRuleTest" time="0"/>
  <testcase name="testSMT1" classname="net.sourceforge.pmd.stat.StatisticalRuleTest" time="0"/>
  <testcase name="testTM" classname="net.sourceforge.pmd.stat.StatisticalRuleTest" time="0"/>
  <testcase name="testTS3" classname="net.sourceforge.pmd.stat.StatisticalRuleTest" time="0"/>
  <testcase name="testSMT3" classname="net.sourceforge.pmd.stat.StatisticalRuleTest" time="0"/>
  <testcase name="testST2" classname="net.sourceforge.pmd.stat.StatisticalRuleTest" time="0"/>
  <testcase name="testM4" classname="net.sourceforge.pmd.stat.StatisticalRuleTest" time="0"/>
  <testcase name="testMS" classname="net.sourceforge.pmd.stat.StatisticalRuleTest" time="0"/>
  <testcase name="testSMT4" classname="net.sourceforge.pmd.stat.StatisticalRuleTest" time="0"/>
  <testcase name="testMS2" classname="net.sourceforge.pmd.stat.StatisticalRuleTest" time="0.016"/>
  <testcase name="testTM3" classname="net.sourceforge.pmd.stat.StatisticalRuleTest" time="0"/>
  <testcase name="testSM2" classname="net.sourceforge.pmd.stat.StatisticalRuleTest" time="0"/>
  <testcase name="testTMS5" classname="net.sourceforge.pmd.stat.StatisticalRuleTest" time="0"/>
  <testcase name="testTMS4" classname="net.sourceforge.pmd.stat.StatisticalRuleTest" time="0"/>
</testsuite>