<?xml version="1.0" encoding="UTF-8"?>
<testsuite name="net.sourceforge.pmd.lang.plsql.rule.codesize.CodesizeRulesTest" time="2.233" tests="11" errors="11" skipped="0" failures="0">
  <properties>
    <property name="java.runtime.name" value="Java(TM) SE Runtime Environment"/>
    <property name="sun.boot.library.path" value="C:\Program Files\Java\jdk1.8.0_25\jre\bin"/>
    <property name="java.vm.version" value="25.25-b02"/>
    <property name="java.vm.vendor" value="Oracle Corporation"/>
    <property name="java.vendor.url" value="http://java.oracle.com/"/>
    <property name="path.separator" value=";"/>
    <property name="guice.disable.misplaced.annotation.check" value="true"/>
    <property name="java.vm.name" value="Java HotSpot(TM) 64-Bit Server VM"/>
    <property name="file.encoding.pkg" value="sun.io"/>
    <property name="user.script" value=""/>
    <property name="user.country" value="DE"/>
    <property name="sun.java.launcher" value="SUN_STANDARD"/>
    <property name="sun.os.patch.level" value=""/>
    <property name="java.vm.specification.name" value="Java Virtual Machine Specification"/>
    <property name="user.dir" value="C:\Dissertation\workspace\de.uni-mannheim.phd.pmd.StandAlone"/>
    <property name="java.runtime.version" value="1.8.0_25-b18"/>
    <property name="java.awt.graphicsenv" value="sun.awt.Win32GraphicsEnvironment"/>
    <property name="java.endorsed.dirs" value="C:\Program Files\Java\jdk1.8.0_25\jre\lib\endorsed"/>
    <property name="os.arch" value="amd64"/>
    <property name="java.io.tmpdir" value="C:\Users\Mobil\AppData\Local\Temp\"/>
    <property name="line.separator" value="&#10;"/>
    <property name="java.vm.specification.vendor" value="Oracle Corporation"/>
    <property name="user.variant" value=""/>
    <property name="os.name" value="Windows 8.1"/>
    <property name="classworlds.conf" value="C:\Dissertation\workspace\.metadata\.plugins\org.eclipse.m2e.launching\launches\m2conf1023322290106813682.tmp"/>
    <property name="sun.jnu.encoding" value="Cp1252"/>
    <property name="java.library.path" value="C:\Program Files\Java\jdk1.8.0_25\jre\bin;C:\Windows\Sun\Java\bin;C:\Windows\system32;C:\Windows;C:/Program Files/Java/jre1.8.0_31/bin/server;C:/Program Files/Java/jre1.8.0_31/bin;C:/Program Files/Java/jre1.8.0_31/lib/amd64;C:\ProgramData\Oracle\Java\javapath;C:\Program Files (x86)\Intel\iCLS Client\;C:\Program Files\Intel\iCLS Client\;C:\Windows\system32;C:\Windows;C:\Windows\System32\Wbem;C:\Windows\System32\WindowsPowerShell\v1.0\;C:\Program Files (x86)\Hewlett-Packard\HP Performance Advisor;c:\Program Files\Intel\WiFi\bin\;c:\Program Files\Common Files\Intel\WirelessCommon\;C:\Program Files\Intel\Intel(R) Management Engine Components\DAL;C:\Program Files (x86)\Intel\Intel(R) Management Engine Components\DAL;C:\Program Files\Intel\Intel(R) Management Engine Components\IPT;C:\Program Files (x86)\Intel\Intel(R) Management Engine Components\IPT;C:\Program Files\WIDCOMM\Bluetooth Software\;C:\Program Files\WIDCOMM\Bluetooth Software\syswow64;;C:\Program Files (x86)\NVIDIA Corporation\PhysX\Common;C:\Dissertation\eclipse;;."/>
    <property name="java.specification.name" value="Java Platform API Specification"/>
    <property name="java.class.version" value="52.0"/>
    <property name="sun.management.compiler" value="HotSpot 64-Bit Tiered Compilers"/>
    <property name="os.version" value="6.3"/>
    <property name="user.home" value="C:\Users\Mobil"/>
    <property name="user.timezone" value="Europe/Berlin"/>
    <property name="java.awt.printerjob" value="sun.awt.windows.WPrinterJob"/>
    <property name="java.specification.version" value="1.8"/>
    <property name="file.encoding" value="Cp1252"/>
    <property name="user.name" value="Mobil"/>
    <property name="java.class.path" value="/C:/Dissertation/eclipse/plugins/org.eclipse.m2e.maven.runtime_1.5.0.20140605-2032/jars/plexus-classworlds-2.5.1.jar"/>
    <property name="org.slf4j.simpleLogger.defaultLogLevel" value="info"/>
    <property name="java.vm.specification.version" value="1.8"/>
    <property name="sun.arch.data.model" value="64"/>
    <property name="java.home" value="C:\Program Files\Java\jdk1.8.0_25\jre"/>
    <property name="sun.java.command" value="org.codehaus.plexus.classworlds.launcher.Launcher -B install"/>
    <property name="java.specification.vendor" value="Oracle Corporation"/>
    <property name="user.language" value="de"/>
    <property name="awt.toolkit" value="sun.awt.windows.WToolkit"/>
    <property name="java.vm.info" value="mixed mode"/>
    <property name="java.version" value="1.8.0_25"/>
    <property name="java.ext.dirs" value="C:\Program Files\Java\jdk1.8.0_25\jre\lib\ext;C:\Windows\Sun\Java\lib\ext"/>
    <property name="sun.boot.class.path" value="C:\Program Files\Java\jdk1.8.0_25\jre\lib\resources.jar;C:\Program Files\Java\jdk1.8.0_25\jre\lib\rt.jar;C:\Program Files\Java\jdk1.8.0_25\jre\lib\sunrsasign.jar;C:\Program Files\Java\jdk1.8.0_25\jre\lib\jsse.jar;C:\Program Files\Java\jdk1.8.0_25\jre\lib\jce.jar;C:\Program Files\Java\jdk1.8.0_25\jre\lib\charsets.jar;C:\Program Files\Java\jdk1.8.0_25\jre\lib\jfr.jar;C:\Program Files\Java\jdk1.8.0_25\jre\classes"/>
    <property name="java.vendor" value="Oracle Corporation"/>
    <property name="maven.home" value="C:\Dissertation\workspace\de.uni-mannheim.phd.pmd.StandAlone\EMBEDDED"/>
    <property name="file.separator" value="\"/>
    <property name="java.vendor.url.bug" value="http://bugreport.sun.com/bugreport/"/>
    <property name="sun.cpu.endian" value="little"/>
    <property name="sun.io.unicode.encoding" value="UnicodeLittle"/>
    <property name="sun.desktop" value="windows"/>
    <property name="sun.cpu.isalist" value="amd64"/>
  </properties>
  <testcase name="xml.plsql-codesize.NPathComplexity" classname="net.sourceforge.pmd.testframework.SimpleAggregatorTst" time="0.203">
    <error message="&quot;A too complex procedure which triggers NPathComplexityRule&quot; failed" type="java.lang.RuntimeException">java.lang.RuntimeException: "A too complex procedure which triggers NPathComplexityRule" failed
	at net.sourceforge.pmd.lang.plsql.ast.AbstractPLSQLNode.setScope(AbstractPLSQLNode.java:113)
	at net.sourceforge.pmd.lang.plsql.symboltable.ScopeAndDeclarationFinder.createSourceFileScope(ScopeAndDeclarationFinder.java:123)
	at net.sourceforge.pmd.lang.plsql.symboltable.ScopeAndDeclarationFinder.visit(ScopeAndDeclarationFinder.java:128)
	at net.sourceforge.pmd.lang.plsql.ast.ASTInput.jjtAccept(ASTInput.java:23)
	at net.sourceforge.pmd.lang.plsql.symboltable.SymbolFacade.initializeWith(SymbolFacade.java:11)
	at net.sourceforge.pmd.lang.plsql.PLSQLHandler$2.start(PLSQLHandler.java:68)
	at net.sourceforge.pmd.SourceCodeProcessor.symbolFacade(SourceCodeProcessor.java:104)
	at net.sourceforge.pmd.SourceCodeProcessor.processSource(SourceCodeProcessor.java:143)
	at net.sourceforge.pmd.SourceCodeProcessor.processSourceCode(SourceCodeProcessor.java:80)
	at net.sourceforge.pmd.testframework.RuleTst.runTestFromString(RuleTst.java:156)
	at net.sourceforge.pmd.testframework.RuleTst.processUsingStringReader(RuleTst.java:139)
	at net.sourceforge.pmd.testframework.RuleTst.runTest(RuleTst.java:96)
	at net.sourceforge.pmd.testframework.SimpleAggregatorTst.testAll(SimpleAggregatorTst.java:75)
</error>
  </testcase>
  <testcase name="xml.plsql-codesize.ExcessiveTypeLength" classname="net.sourceforge.pmd.testframework.SimpleAggregatorTst" time="0.203">
    <error message="&quot;A too complex procedure which triggers ExcessiveTypeLengthRule&quot; failed" type="java.lang.RuntimeException">java.lang.RuntimeException: "A too complex procedure which triggers ExcessiveTypeLengthRule" failed
	at net.sourceforge.pmd.lang.plsql.ast.AbstractPLSQLNode.setScope(AbstractPLSQLNode.java:113)
	at net.sourceforge.pmd.lang.plsql.symboltable.ScopeAndDeclarationFinder.createSourceFileScope(ScopeAndDeclarationFinder.java:123)
	at net.sourceforge.pmd.lang.plsql.symboltable.ScopeAndDeclarationFinder.visit(ScopeAndDeclarationFinder.java:128)
	at net.sourceforge.pmd.lang.plsql.ast.ASTInput.jjtAccept(ASTInput.java:23)
	at net.sourceforge.pmd.lang.plsql.symboltable.SymbolFacade.initializeWith(SymbolFacade.java:11)
	at net.sourceforge.pmd.lang.plsql.PLSQLHandler$2.start(PLSQLHandler.java:68)
	at net.sourceforge.pmd.SourceCodeProcessor.symbolFacade(SourceCodeProcessor.java:104)
	at net.sourceforge.pmd.SourceCodeProcessor.processSource(SourceCodeProcessor.java:143)
	at net.sourceforge.pmd.SourceCodeProcessor.processSourceCode(SourceCodeProcessor.java:80)
	at net.sourceforge.pmd.testframework.RuleTst.runTestFromString(RuleTst.java:156)
	at net.sourceforge.pmd.testframework.RuleTst.processUsingStringReader(RuleTst.java:139)
	at net.sourceforge.pmd.testframework.RuleTst.runTest(RuleTst.java:96)
	at net.sourceforge.pmd.testframework.SimpleAggregatorTst.testAll(SimpleAggregatorTst.java:75)
</error>
  </testcase>
  <testcase name="xml.plsql-codesize.CyclomaticComplexity" classname="net.sourceforge.pmd.testframework.SimpleAggregatorTst" time="0.203">
    <error message="&quot;Simple method&quot; failed" type="java.lang.RuntimeException">java.lang.RuntimeException: "Simple method" failed
	at net.sourceforge.pmd.lang.plsql.ast.AbstractPLSQLNode.setScope(AbstractPLSQLNode.java:113)
	at net.sourceforge.pmd.lang.plsql.symboltable.ScopeAndDeclarationFinder.createSourceFileScope(ScopeAndDeclarationFinder.java:123)
	at net.sourceforge.pmd.lang.plsql.symboltable.ScopeAndDeclarationFinder.visit(ScopeAndDeclarationFinder.java:128)
	at net.sourceforge.pmd.lang.plsql.ast.ASTInput.jjtAccept(ASTInput.java:23)
	at net.sourceforge.pmd.lang.plsql.symboltable.SymbolFacade.initializeWith(SymbolFacade.java:11)
	at net.sourceforge.pmd.lang.plsql.PLSQLHandler$2.start(PLSQLHandler.java:68)
	at net.sourceforge.pmd.SourceCodeProcessor.symbolFacade(SourceCodeProcessor.java:104)
	at net.sourceforge.pmd.SourceCodeProcessor.processSource(SourceCodeProcessor.java:143)
	at net.sourceforge.pmd.SourceCodeProcessor.processSourceCode(SourceCodeProcessor.java:80)
	at net.sourceforge.pmd.testframework.RuleTst.runTestFromString(RuleTst.java:156)
	at net.sourceforge.pmd.testframework.RuleTst.processUsingStringReader(RuleTst.java:139)
	at net.sourceforge.pmd.testframework.RuleTst.runTest(RuleTst.java:96)
	at net.sourceforge.pmd.testframework.SimpleAggregatorTst.testAll(SimpleAggregatorTst.java:75)
</error>
  </testcase>
  <testcase name="xml.plsql-codesize.ExcessiveObjectLength" classname="net.sourceforge.pmd.testframework.SimpleAggregatorTst" time="0.203">
    <error message="&quot;short&quot; failed" type="java.lang.RuntimeException">java.lang.RuntimeException: "short" failed
	at net.sourceforge.pmd.lang.plsql.ast.AbstractPLSQLNode.setScope(AbstractPLSQLNode.java:113)
	at net.sourceforge.pmd.lang.plsql.symboltable.ScopeAndDeclarationFinder.createSourceFileScope(ScopeAndDeclarationFinder.java:123)
	at net.sourceforge.pmd.lang.plsql.symboltable.ScopeAndDeclarationFinder.visit(ScopeAndDeclarationFinder.java:128)
	at net.sourceforge.pmd.lang.plsql.ast.ASTInput.jjtAccept(ASTInput.java:23)
	at net.sourceforge.pmd.lang.plsql.symboltable.SymbolFacade.initializeWith(SymbolFacade.java:11)
	at net.sourceforge.pmd.lang.plsql.PLSQLHandler$2.start(PLSQLHandler.java:68)
	at net.sourceforge.pmd.SourceCodeProcessor.symbolFacade(SourceCodeProcessor.java:104)
	at net.sourceforge.pmd.SourceCodeProcessor.processSource(SourceCodeProcessor.java:143)
	at net.sourceforge.pmd.SourceCodeProcessor.processSourceCode(SourceCodeProcessor.java:80)
	at net.sourceforge.pmd.testframework.RuleTst.runTestFromString(RuleTst.java:156)
	at net.sourceforge.pmd.testframework.RuleTst.processUsingStringReader(RuleTst.java:139)
	at net.sourceforge.pmd.testframework.RuleTst.runTest(RuleTst.java:96)
	at net.sourceforge.pmd.testframework.SimpleAggregatorTst.testAll(SimpleAggregatorTst.java:75)
</error>
  </testcase>
  <testcase name="xml.plsql-codesize.ExcessivePackageBodyLength" classname="net.sourceforge.pmd.testframework.SimpleAggregatorTst" time="0.203">
    <error message="&quot;A too complex procedure which triggers ExcessivePackageBodyLengthRule&quot; failed" type="java.lang.RuntimeException">java.lang.RuntimeException: "A too complex procedure which triggers ExcessivePackageBodyLengthRule" failed
	at net.sourceforge.pmd.lang.plsql.ast.AbstractPLSQLNode.setScope(AbstractPLSQLNode.java:113)
	at net.sourceforge.pmd.lang.plsql.symboltable.ScopeAndDeclarationFinder.createSourceFileScope(ScopeAndDeclarationFinder.java:123)
	at net.sourceforge.pmd.lang.plsql.symboltable.ScopeAndDeclarationFinder.visit(ScopeAndDeclarationFinder.java:128)
	at net.sourceforge.pmd.lang.plsql.ast.ASTInput.jjtAccept(ASTInput.java:23)
	at net.sourceforge.pmd.lang.plsql.symboltable.SymbolFacade.initializeWith(SymbolFacade.java:11)
	at net.sourceforge.pmd.lang.plsql.PLSQLHandler$2.start(PLSQLHandler.java:68)
	at net.sourceforge.pmd.SourceCodeProcessor.symbolFacade(SourceCodeProcessor.java:104)
	at net.sourceforge.pmd.SourceCodeProcessor.processSource(SourceCodeProcessor.java:143)
	at net.sourceforge.pmd.SourceCodeProcessor.processSourceCode(SourceCodeProcessor.java:80)
	at net.sourceforge.pmd.testframework.RuleTst.runTestFromString(RuleTst.java:156)
	at net.sourceforge.pmd.testframework.RuleTst.processUsingStringReader(RuleTst.java:139)
	at net.sourceforge.pmd.testframework.RuleTst.runTest(RuleTst.java:96)
	at net.sourceforge.pmd.testframework.SimpleAggregatorTst.testAll(SimpleAggregatorTst.java:75)
</error>
  </testcase>
  <testcase name="xml.plsql-codesize.ExcessivePackageSpecificationLength" classname="net.sourceforge.pmd.testframework.SimpleAggregatorTst" time="0.203">
    <error message="&quot;A too complex procedure which triggers ExcessivePackageSpecificationLengthRule&quot; failed" type="java.lang.RuntimeException">java.lang.RuntimeException: "A too complex procedure which triggers ExcessivePackageSpecificationLengthRule" failed
	at net.sourceforge.pmd.lang.plsql.ast.AbstractPLSQLNode.setScope(AbstractPLSQLNode.java:113)
	at net.sourceforge.pmd.lang.plsql.symboltable.ScopeAndDeclarationFinder.createSourceFileScope(ScopeAndDeclarationFinder.java:123)
	at net.sourceforge.pmd.lang.plsql.symboltable.ScopeAndDeclarationFinder.visit(ScopeAndDeclarationFinder.java:128)
	at net.sourceforge.pmd.lang.plsql.ast.ASTInput.jjtAccept(ASTInput.java:23)
	at net.sourceforge.pmd.lang.plsql.symboltable.SymbolFacade.initializeWith(SymbolFacade.java:11)
	at net.sourceforge.pmd.lang.plsql.PLSQLHandler$2.start(PLSQLHandler.java:68)
	at net.sourceforge.pmd.SourceCodeProcessor.symbolFacade(SourceCodeProcessor.java:104)
	at net.sourceforge.pmd.SourceCodeProcessor.processSource(SourceCodeProcessor.java:143)
	at net.sourceforge.pmd.SourceCodeProcessor.processSourceCode(SourceCodeProcessor.java:80)
	at net.sourceforge.pmd.testframework.RuleTst.runTestFromString(RuleTst.java:156)
	at net.sourceforge.pmd.testframework.RuleTst.processUsingStringReader(RuleTst.java:139)
	at net.sourceforge.pmd.testframework.RuleTst.runTest(RuleTst.java:96)
	at net.sourceforge.pmd.testframework.SimpleAggregatorTst.testAll(SimpleAggregatorTst.java:75)
</error>
  </testcase>
  <testcase name="xml.plsql-codesize.ExcessiveParameterList" classname="net.sourceforge.pmd.testframework.SimpleAggregatorTst" time="0.203">
    <error message="&quot;A too complex procedure which triggers ExcessiveParameterListRule&quot; failed" type="java.lang.RuntimeException">java.lang.RuntimeException: "A too complex procedure which triggers ExcessiveParameterListRule" failed
	at net.sourceforge.pmd.lang.plsql.ast.AbstractPLSQLNode.setScope(AbstractPLSQLNode.java:113)
	at net.sourceforge.pmd.lang.plsql.symboltable.ScopeAndDeclarationFinder.createSourceFileScope(ScopeAndDeclarationFinder.java:123)
	at net.sourceforge.pmd.lang.plsql.symboltable.ScopeAndDeclarationFinder.visit(ScopeAndDeclarationFinder.java:128)
	at net.sourceforge.pmd.lang.plsql.ast.ASTInput.jjtAccept(ASTInput.java:23)
	at net.sourceforge.pmd.lang.plsql.symboltable.SymbolFacade.initializeWith(SymbolFacade.java:11)
	at net.sourceforge.pmd.lang.plsql.PLSQLHandler$2.start(PLSQLHandler.java:68)
	at net.sourceforge.pmd.SourceCodeProcessor.symbolFacade(SourceCodeProcessor.java:104)
	at net.sourceforge.pmd.SourceCodeProcessor.processSource(SourceCodeProcessor.java:143)
	at net.sourceforge.pmd.SourceCodeProcessor.processSourceCode(SourceCodeProcessor.java:80)
	at net.sourceforge.pmd.testframework.RuleTst.runTestFromString(RuleTst.java:156)
	at net.sourceforge.pmd.testframework.RuleTst.processUsingStringReader(RuleTst.java:139)
	at net.sourceforge.pmd.testframework.RuleTst.runTest(RuleTst.java:96)
	at net.sourceforge.pmd.testframework.SimpleAggregatorTst.testAll(SimpleAggregatorTst.java:75)
</error>
  </testcase>
  <testcase name="xml.plsql-codesize.ExcessiveMethodLength" classname="net.sourceforge.pmd.testframework.SimpleAggregatorTst" time="0.203">
    <error message="&quot;short&quot; failed" type="java.lang.RuntimeException">java.lang.RuntimeException: "short" failed
	at net.sourceforge.pmd.lang.plsql.ast.AbstractPLSQLNode.setScope(AbstractPLSQLNode.java:113)
	at net.sourceforge.pmd.lang.plsql.symboltable.ScopeAndDeclarationFinder.createSourceFileScope(ScopeAndDeclarationFinder.java:123)
	at net.sourceforge.pmd.lang.plsql.symboltable.ScopeAndDeclarationFinder.visit(ScopeAndDeclarationFinder.java:128)
	at net.sourceforge.pmd.lang.plsql.ast.ASTInput.jjtAccept(ASTInput.java:23)
	at net.sourceforge.pmd.lang.plsql.symboltable.SymbolFacade.initializeWith(SymbolFacade.java:11)
	at net.sourceforge.pmd.lang.plsql.PLSQLHandler$2.start(PLSQLHandler.java:68)
	at net.sourceforge.pmd.SourceCodeProcessor.symbolFacade(SourceCodeProcessor.java:104)
	at net.sourceforge.pmd.SourceCodeProcessor.processSource(SourceCodeProcessor.java:143)
	at net.sourceforge.pmd.SourceCodeProcessor.processSourceCode(SourceCodeProcessor.java:80)
	at net.sourceforge.pmd.testframework.RuleTst.runTestFromString(RuleTst.java:156)
	at net.sourceforge.pmd.testframework.RuleTst.processUsingStringReader(RuleTst.java:139)
	at net.sourceforge.pmd.testframework.RuleTst.runTest(RuleTst.java:96)
	at net.sourceforge.pmd.testframework.SimpleAggregatorTst.testAll(SimpleAggregatorTst.java:75)
</error>
  </testcase>
  <testcase name="xml.plsql-codesize.NcssMethodCount" classname="net.sourceforge.pmd.testframework.SimpleAggregatorTst" time="0.203">
    <error message="&quot;A too complex procedure which triggers ExcessiveNcssMethodCountRule&quot; failed" type="java.lang.RuntimeException">java.lang.RuntimeException: "A too complex procedure which triggers ExcessiveNcssMethodCountRule" failed
	at net.sourceforge.pmd.lang.plsql.ast.AbstractPLSQLNode.setScope(AbstractPLSQLNode.java:113)
	at net.sourceforge.pmd.lang.plsql.symboltable.ScopeAndDeclarationFinder.createSourceFileScope(ScopeAndDeclarationFinder.java:123)
	at net.sourceforge.pmd.lang.plsql.symboltable.ScopeAndDeclarationFinder.visit(ScopeAndDeclarationFinder.java:128)
	at net.sourceforge.pmd.lang.plsql.ast.ASTInput.jjtAccept(ASTInput.java:23)
	at net.sourceforge.pmd.lang.plsql.symboltable.SymbolFacade.initializeWith(SymbolFacade.java:11)
	at net.sourceforge.pmd.lang.plsql.PLSQLHandler$2.start(PLSQLHandler.java:68)
	at net.sourceforge.pmd.SourceCodeProcessor.symbolFacade(SourceCodeProcessor.java:104)
	at net.sourceforge.pmd.SourceCodeProcessor.processSource(SourceCodeProcessor.java:143)
	at net.sourceforge.pmd.SourceCodeProcessor.processSourceCode(SourceCodeProcessor.java:80)
	at net.sourceforge.pmd.testframework.RuleTst.runTestFromString(RuleTst.java:156)
	at net.sourceforge.pmd.testframework.RuleTst.processUsingStringReader(RuleTst.java:139)
	at net.sourceforge.pmd.testframework.RuleTst.runTest(RuleTst.java:96)
	at net.sourceforge.pmd.testframework.SimpleAggregatorTst.testAll(SimpleAggregatorTst.java:75)
</error>
  </testcase>
  <testcase name="xml.plsql-codesize.NcssObjectCount" classname="net.sourceforge.pmd.testframework.SimpleAggregatorTst" time="0.203">
    <error message="&quot;A too complex procedure which triggers NcssObjectCountRule&quot; failed" type="java.lang.RuntimeException">java.lang.RuntimeException: "A too complex procedure which triggers NcssObjectCountRule" failed
	at net.sourceforge.pmd.lang.plsql.ast.AbstractPLSQLNode.setScope(AbstractPLSQLNode.java:113)
	at net.sourceforge.pmd.lang.plsql.symboltable.ScopeAndDeclarationFinder.createSourceFileScope(ScopeAndDeclarationFinder.java:123)
	at net.sourceforge.pmd.lang.plsql.symboltable.ScopeAndDeclarationFinder.visit(ScopeAndDeclarationFinder.java:128)
	at net.sourceforge.pmd.lang.plsql.ast.ASTInput.jjtAccept(ASTInput.java:23)
	at net.sourceforge.pmd.lang.plsql.symboltable.SymbolFacade.initializeWith(SymbolFacade.java:11)
	at net.sourceforge.pmd.lang.plsql.PLSQLHandler$2.start(PLSQLHandler.java:68)
	at net.sourceforge.pmd.SourceCodeProcessor.symbolFacade(SourceCodeProcessor.java:104)
	at net.sourceforge.pmd.SourceCodeProcessor.processSource(SourceCodeProcessor.java:143)
	at net.sourceforge.pmd.SourceCodeProcessor.processSourceCode(SourceCodeProcessor.java:80)
	at net.sourceforge.pmd.testframework.RuleTst.runTestFromString(RuleTst.java:156)
	at net.sourceforge.pmd.testframework.RuleTst.processUsingStringReader(RuleTst.java:139)
	at net.sourceforge.pmd.testframework.RuleTst.runTest(RuleTst.java:96)
	at net.sourceforge.pmd.testframework.SimpleAggregatorTst.testAll(SimpleAggregatorTst.java:75)
</error>
  </testcase>
  <testcase name="xml.plsql-codesize.TooManyFields" classname="net.sourceforge.pmd.testframework.SimpleAggregatorTst" time="0.203">
    <error message="&quot;A too complex procedure which triggers TooManyFieldsRule&quot; failed" type="java.lang.RuntimeException">java.lang.RuntimeException: "A too complex procedure which triggers TooManyFieldsRule" failed
	at net.sourceforge.pmd.lang.plsql.ast.AbstractPLSQLNode.setScope(AbstractPLSQLNode.java:113)
	at net.sourceforge.pmd.lang.plsql.symboltable.ScopeAndDeclarationFinder.createSourceFileScope(ScopeAndDeclarationFinder.java:123)
	at net.sourceforge.pmd.lang.plsql.symboltable.ScopeAndDeclarationFinder.visit(ScopeAndDeclarationFinder.java:128)
	at net.sourceforge.pmd.lang.plsql.ast.ASTInput.jjtAccept(ASTInput.java:23)
	at net.sourceforge.pmd.lang.plsql.symboltable.SymbolFacade.initializeWith(SymbolFacade.java:11)
	at net.sourceforge.pmd.lang.plsql.PLSQLHandler$2.start(PLSQLHandler.java:68)
	at net.sourceforge.pmd.SourceCodeProcessor.symbolFacade(SourceCodeProcessor.java:104)
	at net.sourceforge.pmd.SourceCodeProcessor.processSource(SourceCodeProcessor.java:143)
	at net.sourceforge.pmd.SourceCodeProcessor.processSourceCode(SourceCodeProcessor.java:80)
	at net.sourceforge.pmd.testframework.RuleTst.runTestFromString(RuleTst.java:156)
	at net.sourceforge.pmd.testframework.RuleTst.processUsingStringReader(RuleTst.java:139)
	at net.sourceforge.pmd.testframework.RuleTst.runTest(RuleTst.java:96)
	at net.sourceforge.pmd.testframework.SimpleAggregatorTst.testAll(SimpleAggregatorTst.java:75)
</error>
  </testcase>
</testsuite>